Flow report for Interrupciones
Wed Feb 09 21:26:02 2022
Quartus Prime Version 18.1.0 Build 625 09/12/2018 SJ Lite Edition


---------------------
; Table of Contents ;
---------------------
  1. Legal Notice
  2. Flow Summary
  3. Flow Settings
  4. Flow Non-Default Global Settings
  5. Flow Elapsed Time
  6. Flow OS Summary
  7. Flow Log
  8. Flow Messages
  9. Flow Suppressed Messages



----------------
; Legal Notice ;
----------------
Copyright (C) 2018  Intel Corporation. All rights reserved.
Your use of Intel Corporation's design tools, logic functions 
and other software and tools, and its AMPP partner logic 
functions, and any output files from any of the foregoing 
(including device programming or simulation files), and any 
associated documentation or information are expressly subject 
to the terms and conditions of the Intel Program License 
Subscription Agreement, the Intel Quartus Prime License Agreement,
the Intel FPGA IP License Agreement, or other applicable license
agreement, including, without limitation, that your use is for
the sole purpose of programming logic devices manufactured by
Intel and sold by Intel or its authorized distributors.  Please
refer to the applicable agreement for further details.



+----------------------------------------------------------------------------------+
; Flow Summary                                                                     ;
+------------------------------------+---------------------------------------------+
; Flow Status                        ; Successful - Wed Feb 09 21:25:02 2022       ;
; Quartus Prime Version              ; 18.1.0 Build 625 09/12/2018 SJ Lite Edition ;
; Revision Name                      ; Interrupciones                              ;
; Top-level Entity Name              ; Interrupciones                              ;
; Family                             ; MAX 10                                      ;
; Device                             ; 10M50DAF484C7G                              ;
; Timing Models                      ; Final                                       ;
; Total logic elements               ; 1,789 / 49,760 ( 4 % )                      ;
;     Total combinational functions  ; 1,664 / 49,760 ( 3 % )                      ;
;     Dedicated logic registers      ; 954 / 49,760 ( 2 % )                        ;
; Total registers                    ; 954                                         ;
; Total pins                         ; 13 / 360 ( 4 % )                            ;
; Total virtual pins                 ; 0                                           ;
; Total memory bits                  ; 331,264 / 1,677,312 ( 20 % )                ;
; Embedded Multiplier 9-bit elements ; 0 / 288 ( 0 % )                             ;
; Total PLLs                         ; 0 / 4 ( 0 % )                               ;
; UFM blocks                         ; 0 / 1 ( 0 % )                               ;
; ADC blocks                         ; 0 / 2 ( 0 % )                               ;
+------------------------------------+---------------------------------------------+


+-----------------------------------------+
; Flow Settings                           ;
+-------------------+---------------------+
; Option            ; Setting             ;
+-------------------+---------------------+
; Start date & time ; 02/09/2022 21:15:57 ;
; Main task         ; Compilation         ;
; Revision Name     ; Interrupciones      ;
+-------------------+---------------------+


+--------------------------------------------------------------------------------------------------------------------------------------------+
; Flow Non-Default Global Settings                                                                                                           ;
+-------------------------------------+-----------------------------------------------------------+---------------+-------------+------------+
; Assignment Name                     ; Value                                                     ; Default Value ; Entity Name ; Section Id ;
+-------------------------------------+-----------------------------------------------------------+---------------+-------------+------------+
; COMPILER_SIGNATURE_ID               ; 31288978048968.164445935604932                            ; --            ; --          ; --         ;
; MAX_CORE_JUNCTION_TEMP              ; 85                                                        ; --            ; --          ; --         ;
; MIN_CORE_JUNCTION_TEMP              ; 0                                                         ; --            ; --          ; --         ;
; MISC_FILE                           ; unsaved/synthesis/../unsaved.cmp                          ; --            ; --          ; --         ;
; MISC_FILE                           ; unsaved/synthesis/../../unsaved.qsys                      ; --            ; --          ; --         ;
; OUTPUT_IO_TIMING_FAR_END_VMEAS      ; Half Signal Swing                                         ; --            ; --          ; --         ;
; OUTPUT_IO_TIMING_FAR_END_VMEAS      ; Half Signal Swing                                         ; --            ; --          ; --         ;
; OUTPUT_IO_TIMING_NEAR_END_VMEAS     ; Half Vccio                                                ; --            ; --          ; --         ;
; OUTPUT_IO_TIMING_NEAR_END_VMEAS     ; Half Vccio                                                ; --            ; --          ; --         ;
; PARTITION_COLOR                     ; -- (Not supported for targeted family)                    ; --            ; --          ; Top        ;
; PARTITION_FITTER_PRESERVATION_LEVEL ; -- (Not supported for targeted family)                    ; --            ; --          ; Top        ;
; PARTITION_NETLIST_TYPE              ; -- (Not supported for targeted family)                    ; --            ; --          ; Top        ;
; POWER_BOARD_THERMAL_MODEL           ; None (CONSERVATIVE)                                       ; --            ; --          ; --         ;
; POWER_PRESET_COOLING_SOLUTION       ; 23 MM HEAT SINK WITH 200 LFPM AIRFLOW                     ; --            ; --          ; --         ;
; PROJECT_OUTPUT_DIRECTORY            ; output_files                                              ; --            ; --          ; --         ;
; SLD_FILE                            ; unsaved/synthesis/unsaved.regmap                          ; --            ; --          ; --         ;
; SLD_FILE                            ; unsaved/synthesis/unsaved.debuginfo                       ; --            ; --          ; --         ;
; SLD_INFO                            ; QSYS_NAME unsaved HAS_SOPCINFO 1 GENERATION_ID 1644458277 ; --            ; unsaved     ; --         ;
; SOPCINFO_FILE                       ; unsaved/synthesis/../../unsaved.sopcinfo                  ; --            ; --          ; --         ;
; SYNTHESIS_ONLY_QIP                  ; On                                                        ; --            ; --          ; --         ;
+-------------------------------------+-----------------------------------------------------------+---------------+-------------+------------+


+--------------------------------------------------------------------------------------------------------------------------+
; Flow Elapsed Time                                                                                                        ;
+----------------------+--------------+-------------------------+---------------------+------------------------------------+
; Module Name          ; Elapsed Time ; Average Processors Used ; Peak Virtual Memory ; Total CPU Time (on all processors) ;
+----------------------+--------------+-------------------------+---------------------+------------------------------------+
; Analysis & Synthesis ; 00:05:10     ; 1.0                     ; 4862 MB             ; 00:02:20                           ;
; Fitter               ; 00:02:51     ; 1.1                     ; 5363 MB             ; 00:01:00                           ;
; Assembler            ; 00:00:34     ; 1.0                     ; 4698 MB             ; 00:00:10                           ;
; Timing Analyzer      ; 00:00:55     ; 1.3                     ; 4822 MB             ; 00:00:19                           ;
; Total                ; 00:09:30     ; --                      ; --                  ; 00:03:49                           ;
+----------------------+--------------+-------------------------+---------------------+------------------------------------+


+------------------------------------------------------------------------------------+
; Flow OS Summary                                                                    ;
+----------------------+------------------+------------+------------+----------------+
; Module Name          ; Machine Hostname ; OS Name    ; OS Version ; Processor type ;
+----------------------+------------------+------------+------------+----------------+
; Analysis & Synthesis ; DESKTOP-OUPGR43  ; Windows 10 ; 10.0       ; x86_64         ;
; Fitter               ; DESKTOP-OUPGR43  ; Windows 10 ; 10.0       ; x86_64         ;
; Assembler            ; DESKTOP-OUPGR43  ; Windows 10 ; 10.0       ; x86_64         ;
; Timing Analyzer      ; DESKTOP-OUPGR43  ; Windows 10 ; 10.0       ; x86_64         ;
+----------------------+------------------+------------+------------+----------------+


------------
; Flow Log ;
------------
quartus_map --read_settings_files=on --write_settings_files=off Interrupciones -c Interrupciones
quartus_fit --read_settings_files=off --write_settings_files=off Interrupciones -c Interrupciones
quartus_asm --read_settings_files=off --write_settings_files=off Interrupciones -c Interrupciones
quartus_sta Interrupciones -c Interrupciones



