16:53:38 **** Incremental Build of configuration Nios II for project ADC_nios ****
make all 
Info: Building ../ADC_nios_bsp/
E:/QUARTUSPRIME/nios2eds/bin/gnu/H-x86_64-mingw32/bin/make --no-print-directory -C ../ADC_nios_bsp/
[BSP build complete]
Info: Compiling hello_world.c to obj/default/hello_world.o
nios2-elf-gcc -xc -MP -MMD -c -I../ADC_nios_bsp//HAL/inc -I../ADC_nios_bsp/ -I../ADC_nios_bsp//drivers/inc  -pipe -D__hal__ -DALT_NO_C_PLUS_PLUS -DALT_NO_INSTRUCTION_EMULATION -DSMALL_C_LIB -DALT_SINGLE_THREADED    -O0 -g -Wall   -mno-hw-div -mno-hw-mul -mno-hw-mulx -mgpopt=global  -o obj/default/hello_world.o hello_world.c
hello_world.c: In function 'main':
hello_world.c:51:3: warning: suggest parentheses around assignment used as truth value [-Wparentheses]
   if(contador = 500000){
   ^
Info: Linking ADC_nios.elf
nios2-elf-g++  -T'../ADC_nios_bsp//linker.x' -msys-crt0='../ADC_nios_bsp//obj/HAL/src/crt0.o' -msys-lib=hal_bsp -L../ADC_nios_bsp/  -msmallc  -Wl,-Map=ADC_nios.map   -O0 -g -Wall   -mno-hw-div -mno-hw-mul -mno-hw-mulx -mgpopt=global  -o ADC_nios.elf obj/default/hello_world.o -lm -msys-lib=m
nios2-elf-insert ADC_nios.elf --thread_model hal --cpu_name nios2 --qsys true --simulation_enabled false --id 0 --sidp 0x21070 --timestamp 1643489543 --stderr_dev jtag_uart --stdin_dev jtag_uart --stdout_dev jtag_uart --sopc_system_name unsaved --quartus_project_dir "E:/github/Modulo3FPGA/clase6/adc" --jdi ../..//output_files/adc.jdi --sopcinfo E:/github/Modulo3FPGA/clase6/adc/software/ADC_nios_bsp/../../unsaved.sopcinfo
Info: (ADC_nios.elf) 15 KBytes program size (code + initialized data).
Info:                18 KBytes free for stack + heap.
Info: Creating ADC_nios.objdump
nios2-elf-objdump --disassemble --syms --all-header --source ADC_nios.elf >ADC_nios.objdump
[ADC_nios build complete]

16:55:28 Build Finished (took 1m:49s.990ms)

