--------------------------------------------------------------------------------
Release 14.7 Trace  (nt64)
Copyright (c) 1995-2013 Xilinx, Inc.  All rights reserved.

E:\Xilinx\14.7\ISE_DS\ISE\bin\nt64\unwrapped\trce.exe -e 3 -xml system.twx
system.ncd system.pcf

Design file:              system.ncd
Physical constraint file: system.pcf
Device,package,speed:     xc6slx9,csg225,C,-2 (PRODUCTION 1.23 2013-10-13)
Report level:             error report

Environment Variable      Effect 
--------------------      ------ 
NONE                      No environment variables were set
--------------------------------------------------------------------------------

INFO:Timing:3412 - To improve timing, see the Timing Closure User Guide (UG612).
INFO:Timing:2752 - To get complete path coverage, use the unconstrained paths 
   option. All paths that are not constrained will be reported in the 
   unconstrained paths section(s) of the report.
INFO:Timing:3339 - The clock-to-out numbers in this timing report are based on 
   a 50 Ohm transmission line loading model.  For the details of this model, 
   and for more information on accounting for different loading conditions, 
   please see the device datasheet.

================================================================================
Timing constraint: TS_sys_clk_pin = PERIOD TIMEGRP "sys_clk_pin" 50 MHz HIGH 
50%;
For more information, see Period Analysis in the Timing Closure User Guide (UG612).

 0 paths analyzed, 0 endpoints analyzed, 0 failing endpoints
 0 timing errors detected. (0 component switching limit errors)
 Minimum period is   5.000ns.
--------------------------------------------------------------------------------

================================================================================
Timing constraint: TS_clock_generator_0_clock_generator_0_SIG_PLL0_CLKOUT0 = 
PERIOD TIMEGRP         "clock_generator_0_clock_generator_0_SIG_PLL0_CLKOUT0" 
TS_sys_clk_pin         HIGH 50%;
For more information, see Period Analysis in the Timing Closure User Guide (UG612).

 360445 paths analyzed, 9515 endpoints analyzed, 0 failing endpoints
 0 timing errors detected. (0 setup errors, 0 hold errors, 0 component switching limit errors)
 Minimum period is  12.509ns.
--------------------------------------------------------------------------------


Derived Constraint Report
Derived Constraints for TS_sys_clk_pin
+-------------------------------+-------------+-------------+-------------+-------------+-------------+-------------+-------------+
|                               |   Period    |       Actual Period       |      Timing Errors        |      Paths Analyzed       |
|           Constraint          | Requirement |-------------+-------------|-------------+-------------|-------------+-------------|
|                               |             |   Direct    | Derivative  |   Direct    | Derivative  |   Direct    | Derivative  |
+-------------------------------+-------------+-------------+-------------+-------------+-------------+-------------+-------------+
|TS_sys_clk_pin                 |     20.000ns|      5.000ns|     12.509ns|            0|            0|            0|       360445|
| TS_clock_generator_0_clock_gen|     20.000ns|     12.509ns|          N/A|            0|            0|       360445|            0|
| erator_0_SIG_PLL0_CLKOUT0     |             |             |             |             |             |             |             |
+-------------------------------+-------------+-------------+-------------+-------------+-------------+-------------+-------------+

All constraints were met.


Data Sheet report:
-----------------
All values displayed in nanoseconds (ns)

Clock to Setup on destination clock fpga_0_clk_1_sys_clk_pin
------------------------+---------+---------+---------+---------+
                        | Src:Rise| Src:Fall| Src:Rise| Src:Fall|
Source Clock            |Dest:Rise|Dest:Rise|Dest:Fall|Dest:Fall|
------------------------+---------+---------+---------+---------+
fpga_0_clk_1_sys_clk_pin|   12.509|         |         |         |
------------------------+---------+---------+---------+---------+


Timing summary:
---------------

Timing errors: 0  Score: 0  (Setup/Max: 0, Hold: 0)

Constraints cover 360445 paths, 0 nets, and 11561 connections

Design statistics:
   Minimum period:  12.509ns   (Maximum frequency:  79.942MHz)


Analysis completed Sat Dec 11 14:45:45 2021 
--------------------------------------------------------------------------------

Trace Settings:
-------------------------
Trace Settings 

Peak Memory Usage: 4613 MB



