
Checking platform configuration ...
IPNAME: plb_v46, INSTANCE: mb_plb - 2 master(s) : 3 slave(s) 
IPNAME: lmb_v10, INSTANCE: ilmb - 1 master(s) : 1 slave(s) 
IPNAME: lmb_v10, INSTANCE: dlmb - 1 master(s) : 1 slave(s) 

Checking port drivers...
WARNING:EDK:4181 - PORT: Peripheral_Reset, CONNECTOR: sys_periph_reset -
   floating connection - F:\Project\Modulo3_FPGA\Clase2\Gpio\system.mhs line 146
    

Performing Clock DRCs...

Performing Reset DRCs...

Overriding system level properties...
INFO:EDK:4130 - IPNAME: microblaze, INSTANCE:microblaze_0 - tcl is overriding
   PARAMETER C_D_PLB value to 1 -
   E:\Xilinx\14.7\ISE_DS\EDK\hw\XilinxProcessorIPLib\pcores\microblaze_v8_50_c\d
   ata\microblaze_v2_1_0.mpd line 233 
INFO:EDK:4130 - IPNAME: microblaze, INSTANCE:microblaze_0 - tcl is overriding
   PARAMETER C_I_PLB value to 1 -
   E:\Xilinx\14.7\ISE_DS\EDK\hw\XilinxProcessorIPLib\pcores\microblaze_v8_50_c\d
   ata\microblaze_v2_1_0.mpd line 236 
INFO:EDK:4130 - IPNAME: microblaze, INSTANCE:microblaze_0 - tcl is overriding
   PARAMETER C_ADDR_TAG_BITS value to 0 -
   E:\Xilinx\14.7\ISE_DS\EDK\hw\XilinxProcessorIPLib\pcores\microblaze_v8_50_c\d
   ata\microblaze_v2_1_0.mpd line 337 
INFO:EDK:4130 - IPNAME: microblaze, INSTANCE:microblaze_0 - tcl is overriding
   PARAMETER C_DCACHE_ADDR_TAG value to 0 -
   E:\Xilinx\14.7\ISE_DS\EDK\hw\XilinxProcessorIPLib\pcores\microblaze_v8_50_c\d
   ata\microblaze_v2_1_0.mpd line 367 
INFO:EDK:4130 - IPNAME: microblaze, INSTANCE:microblaze_0 - tcl is overriding
   PARAMETER C_USE_EXT_BRK value to 1 -
   E:\Xilinx\14.7\ISE_DS\EDK\hw\XilinxProcessorIPLib\pcores\microblaze_v8_50_c\d
   ata\microblaze_v2_1_0.mpd line 402 
INFO:EDK:4130 - IPNAME: microblaze, INSTANCE:microblaze_0 - tcl is overriding
   PARAMETER C_USE_EXT_NM_BRK value to 1 -
   E:\Xilinx\14.7\ISE_DS\EDK\hw\XilinxProcessorIPLib\pcores\microblaze_v8_50_c\d
   ata\microblaze_v2_1_0.mpd line 403 
INFO:EDK:4130 - IPNAME: lmb_bram_if_cntlr, INSTANCE:dlmb_cntlr - tcl is
   overriding PARAMETER C_MASK value to 0x00400000 -
   E:\Xilinx\14.7\ISE_DS\EDK\hw\XilinxProcessorIPLib\pcores\lmb_bram_if_cntlr_v3
   _10_c\data\lmb_bram_if_cntlr_v2_1_0.mpd line 92 
INFO:EDK:4130 - IPNAME: lmb_bram_if_cntlr, INSTANCE:ilmb_cntlr - tcl is
   overriding PARAMETER C_MASK value to 0x00400000 -
   E:\Xilinx\14.7\ISE_DS\EDK\hw\XilinxProcessorIPLib\pcores\lmb_bram_if_cntlr_v3
   _10_c\data\lmb_bram_if_cntlr_v2_1_0.mpd line 92 

Running system level update procedures...

Running UPDATE Tcl procedures for OPTION SYSLEVEL_UPDATE_PROC...

Running system level DRCs...

Performing System level DRCs on properties...

Running DRC Tcl procedures for OPTION SYSLEVEL_DRC_PROC...
Conversion to XML complete.
