16:20:09 **** Incremental Build of configuration Nios II for project gpio ****
make all 
Info: Building ../gpio_bsp/
E:/QUARTUSPRIME/nios2eds/bin/gnu/H-x86_64-mingw32/bin/make --no-print-directory -C ../gpio_bsp/
[BSP build complete]
Info: Compiling hello_world.c to obj/default/hello_world.o
nios2-elf-gcc -xc -MP -MMD -c -I../gpio_bsp//HAL/inc -I../gpio_bsp/ -I../gpio_bsp//drivers/inc  -pipe -D__hal__ -DALT_NO_C_PLUS_PLUS -DALT_NO_INSTRUCTION_EMULATION -DSMALL_C_LIB -DALT_SINGLE_THREADED    -O0 -g -Wall   -mno-hw-div -mno-hw-mul -mno-hw-mulx -mgpopt=global  -o obj/default/hello_world.o hello_world.c
Info: Linking gpio.elf
nios2-elf-g++  -T'../gpio_bsp//linker.x' -msys-crt0='../gpio_bsp//obj/HAL/src/crt0.o' -msys-lib=hal_bsp -L../gpio_bsp/  -msmallc  -Wl,-Map=gpio.map   -O0 -g -Wall   -mno-hw-div -mno-hw-mul -mno-hw-mulx -mgpopt=global  -o gpio.elf obj/default/hello_world.o -lm -msys-lib=m
nios2-elf-insert gpio.elf --thread_model hal --cpu_name nios2 --qsys true --simulation_enabled false --id 0 --sidp 0x11050 --timestamp 1642365129 --stderr_dev jtag_uart --stdin_dev jtag_uart --stdout_dev jtag_uart --sopc_system_name unsaved --quartus_project_dir "E:/Project/Modulo3_FPGA/Clase4/GPIO_Nios" --jdi ../..//output_files/GPIO_Nios.jdi --sopcinfo E:/Project/Modulo3_FPGA/Clase4/GPIO_Nios/software/gpio_bsp/../../unsaved.sopcinfo
Info: (gpio.elf) 13 KBytes program size (code + initialized data).
Info:            10 KBytes free for stack + heap.
Info: Creating gpio.objdump
nios2-elf-objdump --disassemble --syms --all-header --source gpio.elf >gpio.objdump
[gpio build complete]
16:23:07 **** Build of configuration Nios II for project gpio ****
make all 
Info: Building ../gpio_bsp/
E:/QUARTUSPRIME/nios2eds/bin/gnu/H-x86_64-mingw32/bin/make --no-print-directory -C ../gpio_bsp/
[BSP build complete]
[gpio build complete]
16:24:24 **** Incremental Build of configuration Nios II for project gpio ****
make all 
Info: Building ../gpio_bsp/
E:/QUARTUSPRIME/nios2eds/bin/gnu/H-x86_64-mingw32/bin/make --no-print-directory -C ../gpio_bsp/
[BSP build complete]
[gpio build complete]
16:27:05 **** Incremental Build of configuration Nios II for project gpio ****
make all 
Info: Building ../gpio_bsp/
E:/QUARTUSPRIME/nios2eds/bin/gnu/H-x86_64-mingw32/bin/make --no-print-directory -C ../gpio_bsp/
[BSP build complete]
Info: Compiling hello_world.c to obj/default/hello_world.o
nios2-elf-gcc -xc -MP -MMD -c -I../gpio_bsp//HAL/inc -I../gpio_bsp/ -I../gpio_bsp//drivers/inc  -pipe -D__hal__ -DALT_NO_C_PLUS_PLUS -DALT_NO_INSTRUCTION_EMULATION -DSMALL_C_LIB -DALT_SINGLE_THREADED    -O0 -g -Wall   -mno-hw-div -mno-hw-mul -mno-hw-mulx -mgpopt=global  -o obj/default/hello_world.o hello_world.c
Info: Linking gpio.elf
nios2-elf-g++  -T'../gpio_bsp//linker.x' -msys-crt0='../gpio_bsp//obj/HAL/src/crt0.o' -msys-lib=hal_bsp -L../gpio_bsp/  -msmallc  -Wl,-Map=gpio.map   -O0 -g -Wall   -mno-hw-div -mno-hw-mul -mno-hw-mulx -mgpopt=global  -o gpio.elf obj/default/hello_world.o -lm -msys-lib=m
nios2-elf-insert gpio.elf --thread_model hal --cpu_name nios2 --qsys true --simulation_enabled false --id 0 --sidp 0x11050 --timestamp 1642365129 --stderr_dev jtag_uart --stdin_dev jtag_uart --stdout_dev jtag_uart --sopc_system_name unsaved --quartus_project_dir "E:/Project/Modulo3_FPGA/Clase4/GPIO_Nios" --jdi ../..//output_files/GPIO_Nios.jdi --sopcinfo E:/Project/Modulo3_FPGA/Clase4/GPIO_Nios/software/gpio_bsp/../../unsaved.sopcinfo
Info: (gpio.elf) 13 KBytes program size (code + initialized data).
Info:            10 KBytes free for stack + heap.
Info: Creating gpio.objdump
nios2-elf-objdump --disassemble --syms --all-header --source gpio.elf >gpio.objdump
[gpio build complete]
16:30:41 **** Incremental Build of configuration Nios II for project gpio ****
make all 
Info: Building ../gpio_bsp/
E:/QUARTUSPRIME/nios2eds/bin/gnu/H-x86_64-mingw32/bin/make --no-print-directory -C ../gpio_bsp/
[BSP build complete]
Info: Compiling hello_world.c to obj/default/hello_world.o
nios2-elf-gcc -xc -MP -MMD -c -I../gpio_bsp//HAL/inc -I../gpio_bsp/ -I../gpio_bsp//drivers/inc  -pipe -D__hal__ -DALT_NO_C_PLUS_PLUS -DALT_NO_INSTRUCTION_EMULATION -DSMALL_C_LIB -DALT_SINGLE_THREADED    -O0 -g -Wall   -mno-hw-div -mno-hw-mul -mno-hw-mulx -mgpopt=global  -o obj/default/hello_world.o hello_world.c
Info: Linking gpio.elf
nios2-elf-g++  -T'../gpio_bsp//linker.x' -msys-crt0='../gpio_bsp//obj/HAL/src/crt0.o' -msys-lib=hal_bsp -L../gpio_bsp/  -msmallc  -Wl,-Map=gpio.map   -O0 -g -Wall   -mno-hw-div -mno-hw-mul -mno-hw-mulx -mgpopt=global  -o gpio.elf obj/default/hello_world.o -lm -msys-lib=m
nios2-elf-insert gpio.elf --thread_model hal --cpu_name nios2 --qsys true --simulation_enabled false --id 0 --sidp 0x11050 --timestamp 1642365129 --stderr_dev jtag_uart --stdin_dev jtag_uart --stdout_dev jtag_uart --sopc_system_name unsaved --quartus_project_dir "E:/Project/Modulo3_FPGA/Clase4/GPIO_Nios" --jdi ../..//output_files/GPIO_Nios.jdi --sopcinfo E:/Project/Modulo3_FPGA/Clase4/GPIO_Nios/software/gpio_bsp/../../unsaved.sopcinfo
Info: (gpio.elf) 14 KBytes program size (code + initialized data).
Info:            10 KBytes free for stack + heap.
Info: Creating gpio.objdump
nios2-elf-objdump --disassemble --syms --all-header --source gpio.elf >gpio.objdump
[gpio build complete]
16:40:13 **** Incremental Build of configuration Nios II for project gpio ****
make all 
Info: Building ../gpio_bsp/
E:/QUARTUSPRIME/nios2eds/bin/gnu/H-x86_64-mingw32/bin/make --no-print-directory -C ../gpio_bsp/
[BSP build complete]
Info: Compiling hello_world.c to obj/default/hello_world.o
nios2-elf-gcc -xc -MP -MMD -c -I../gpio_bsp//HAL/inc -I../gpio_bsp/ -I../gpio_bsp//drivers/inc  -pipe -D__hal__ -DALT_NO_C_PLUS_PLUS -DALT_NO_INSTRUCTION_EMULATION -DSMALL_C_LIB -DALT_SINGLE_THREADED    -O0 -g -Wall   -mno-hw-div -mno-hw-mul -mno-hw-mulx -mgpopt=global  -o obj/default/hello_world.o hello_world.c
hello_world.c: In function 'main':
hello_world.c:42:4: warning: suggest parentheses around assignment used as truth value [-Wparentheses]
    if(a = 1){
    ^
hello_world.c:46:4: warning: suggest parentheses around assignment used as truth value [-Wparentheses]
    else    if(a = 2){
    ^
Info: Linking gpio.elf
nios2-elf-g++  -T'../gpio_bsp//linker.x' -msys-crt0='../gpio_bsp//obj/HAL/src/crt0.o' -msys-lib=hal_bsp -L../gpio_bsp/  -msmallc  -Wl,-Map=gpio.map   -O0 -g -Wall   -mno-hw-div -mno-hw-mul -mno-hw-mulx -mgpopt=global  -o gpio.elf obj/default/hello_world.o -lm -msys-lib=m
nios2-elf-insert gpio.elf --thread_model hal --cpu_name nios2 --qsys true --simulation_enabled false --id 0 --sidp 0x11050 --timestamp 1642365129 --stderr_dev jtag_uart --stdin_dev jtag_uart --stdout_dev jtag_uart --sopc_system_name unsaved --quartus_project_dir "E:/Project/Modulo3_FPGA/Clase4/GPIO_Nios" --jdi ../..//output_files/GPIO_Nios.jdi --sopcinfo E:/Project/Modulo3_FPGA/Clase4/GPIO_Nios/software/gpio_bsp/../../unsaved.sopcinfo
Info: (gpio.elf) 13 KBytes program size (code + initialized data).
Info:            10 KBytes free for stack + heap.
Info: Creating gpio.objdump
nios2-elf-objdump --disassemble --syms --all-header --source gpio.elf >gpio.objdump
[gpio build complete]
16:41:06 **** Incremental Build of configuration Nios II for project gpio ****
make all 
Info: Building ../gpio_bsp/
E:/QUARTUSPRIME/nios2eds/bin/gnu/H-x86_64-mingw32/bin/make --no-print-directory -C ../gpio_bsp/
[BSP build complete]
Info: Compiling hello_world.c to obj/default/hello_world.o
nios2-elf-gcc -xc -MP -MMD -c -I../gpio_bsp//HAL/inc -I../gpio_bsp/ -I../gpio_bsp//drivers/inc  -pipe -D__hal__ -DALT_NO_C_PLUS_PLUS -DALT_NO_INSTRUCTION_EMULATION -DSMALL_C_LIB -DALT_SINGLE_THREADED    -O0 -g -Wall   -mno-hw-div -mno-hw-mul -mno-hw-mulx -mgpopt=global  -o obj/default/hello_world.o hello_world.c
Info: Linking gpio.elf
nios2-elf-g++  -T'../gpio_bsp//linker.x' -msys-crt0='../gpio_bsp//obj/HAL/src/crt0.o' -msys-lib=hal_bsp -L../gpio_bsp/  -msmallc  -Wl,-Map=gpio.map   -O0 -g -Wall   -mno-hw-div -mno-hw-mul -mno-hw-mulx -mgpopt=global  -o gpio.elf obj/default/hello_world.o -lm -msys-lib=m
nios2-elf-insert gpio.elf --thread_model hal --cpu_name nios2 --qsys true --simulation_enabled false --id 0 --sidp 0x11050 --timestamp 1642365129 --stderr_dev jtag_uart --stdin_dev jtag_uart --stdout_dev jtag_uart --sopc_system_name unsaved --quartus_project_dir "E:/Project/Modulo3_FPGA/Clase4/GPIO_Nios" --jdi ../..//output_files/GPIO_Nios.jdi --sopcinfo E:/Project/Modulo3_FPGA/Clase4/GPIO_Nios/software/gpio_bsp/../../unsaved.sopcinfo
Info: (gpio.elf) 13 KBytes program size (code + initialized data).
Info:            10 KBytes free for stack + heap.
Info: Creating gpio.objdump
nios2-elf-objdump --disassemble --syms --all-header --source gpio.elf >gpio.objdump
[gpio build complete]
16:54:17 **** Incremental Build of configuration Nios II for project gpio ****
make all 
Info: Building ../gpio_bsp/
E:/QUARTUSPRIME/nios2eds/bin/gnu/H-x86_64-mingw32/bin/make --no-print-directory -C ../gpio_bsp/
[BSP build complete]
Info: Compiling hello_world.c to obj/default/hello_world.o
nios2-elf-gcc -xc -MP -MMD -c -I../gpio_bsp//HAL/inc -I../gpio_bsp/ -I../gpio_bsp//drivers/inc  -pipe -D__hal__ -DALT_NO_C_PLUS_PLUS -DALT_NO_INSTRUCTION_EMULATION -DSMALL_C_LIB -DALT_SINGLE_THREADED    -O0 -g -Wall   -mno-hw-div -mno-hw-mul -mno-hw-mulx -mgpopt=global  -o obj/default/hello_world.o hello_world.c
hello_world.c: In function 'main':
hello_world.c:59:1: error: expected declaration or statement at end of input
 }
 ^
make: *** [obj/default/hello_world.o] Error 1
16:54:45 **** Incremental Build of configuration Nios II for project gpio ****
make all 
Info: Building ../gpio_bsp/
E:/QUARTUSPRIME/nios2eds/bin/gnu/H-x86_64-mingw32/bin/make --no-print-directory -C ../gpio_bsp/
[BSP build complete]
Info: Compiling hello_world.c to obj/default/hello_world.o
nios2-elf-gcc -xc -MP -MMD -c -I../gpio_bsp//HAL/inc -I../gpio_bsp/ -I../gpio_bsp//drivers/inc  -pipe -D__hal__ -DALT_NO_C_PLUS_PLUS -DALT_NO_INSTRUCTION_EMULATION -DSMALL_C_LIB -DALT_SINGLE_THREADED    -O0 -g -Wall   -mno-hw-div -mno-hw-mul -mno-hw-mulx -mgpopt=global  -o obj/default/hello_world.o hello_world.c
hello_world.c: In function 'main':
hello_world.c:59:1: error: expected declaration or statement at end of input
 }
 ^
make: *** [obj/default/hello_world.o] Error 1
16:55:42 **** Incremental Build of configuration Nios II for project gpio ****
make all 
Info: Building ../gpio_bsp/
E:/QUARTUSPRIME/nios2eds/bin/gnu/H-x86_64-mingw32/bin/make --no-print-directory -C ../gpio_bsp/
[BSP build complete]
Info: Compiling hello_world.c to obj/default/hello_world.o
nios2-elf-gcc -xc -MP -MMD -c -I../gpio_bsp//HAL/inc -I../gpio_bsp/ -I../gpio_bsp//drivers/inc  -pipe -D__hal__ -DALT_NO_C_PLUS_PLUS -DALT_NO_INSTRUCTION_EMULATION -DSMALL_C_LIB -DALT_SINGLE_THREADED    -O0 -g -Wall   -mno-hw-div -mno-hw-mul -mno-hw-mulx -mgpopt=global  -o obj/default/hello_world.o hello_world.c
Info: Linking gpio.elf
nios2-elf-g++  -T'../gpio_bsp//linker.x' -msys-crt0='../gpio_bsp//obj/HAL/src/crt0.o' -msys-lib=hal_bsp -L../gpio_bsp/  -msmallc  -Wl,-Map=gpio.map   -O0 -g -Wall   -mno-hw-div -mno-hw-mul -mno-hw-mulx -mgpopt=global  -o gpio.elf obj/default/hello_world.o -lm -msys-lib=m
nios2-elf-insert gpio.elf --thread_model hal --cpu_name nios2 --qsys true --simulation_enabled false --id 0 --sidp 0x11050 --timestamp 1642365129 --stderr_dev jtag_uart --stdin_dev jtag_uart --stdout_dev jtag_uart --sopc_system_name unsaved --quartus_project_dir "E:/Project/Modulo3_FPGA/Clase4/GPIO_Nios" --jdi ../..//output_files/GPIO_Nios.jdi --sopcinfo E:/Project/Modulo3_FPGA/Clase4/GPIO_Nios/software/gpio_bsp/../../unsaved.sopcinfo
Info: (gpio.elf) 14 KBytes program size (code + initialized data).
Info:            10 KBytes free for stack + heap.
Info: Creating gpio.objdump
nios2-elf-objdump --disassemble --syms --all-header --source gpio.elf >gpio.objdump
[gpio build complete]
16:59:49 **** Incremental Build of configuration Nios II for project gpio ****
make all 
Info: Building ../gpio_bsp/
E:/QUARTUSPRIME/nios2eds/bin/gnu/H-x86_64-mingw32/bin/make --no-print-directory -C ../gpio_bsp/
[BSP build complete]
Info: Compiling hello_world.c to obj/default/hello_world.o
nios2-elf-gcc -xc -MP -MMD -c -I../gpio_bsp//HAL/inc -I../gpio_bsp/ -I../gpio_bsp//drivers/inc  -pipe -D__hal__ -DALT_NO_C_PLUS_PLUS -DALT_NO_INSTRUCTION_EMULATION -DSMALL_C_LIB -DALT_SINGLE_THREADED    -O0 -g -Wall   -mno-hw-div -mno-hw-mul -mno-hw-mulx -mgpopt=global  -o obj/default/hello_world.o hello_world.c
Info: Linking gpio.elf
nios2-elf-g++  -T'../gpio_bsp//linker.x' -msys-crt0='../gpio_bsp//obj/HAL/src/crt0.o' -msys-lib=hal_bsp -L../gpio_bsp/  -msmallc  -Wl,-Map=gpio.map   -O0 -g -Wall   -mno-hw-div -mno-hw-mul -mno-hw-mulx -mgpopt=global  -o gpio.elf obj/default/hello_world.o -lm -msys-lib=m
nios2-elf-insert gpio.elf --thread_model hal --cpu_name nios2 --qsys true --simulation_enabled false --id 0 --sidp 0x11050 --timestamp 1642365129 --stderr_dev jtag_uart --stdin_dev jtag_uart --stdout_dev jtag_uart --sopc_system_name unsaved --quartus_project_dir "E:/Project/Modulo3_FPGA/Clase4/GPIO_Nios" --jdi ../..//output_files/GPIO_Nios.jdi --sopcinfo E:/Project/Modulo3_FPGA/Clase4/GPIO_Nios/software/gpio_bsp/../../unsaved.sopcinfo
Info: (gpio.elf) 14 KBytes program size (code + initialized data).
Info:            10 KBytes free for stack + heap.
Info: Creating gpio.objdump
nios2-elf-objdump --disassemble --syms --all-header --source gpio.elf >gpio.objdump
[gpio build complete]
17:05:46 **** Incremental Build of configuration Nios II for project gpio ****
make all 
Info: Building ../gpio_bsp/
E:/QUARTUSPRIME/nios2eds/bin/gnu/H-x86_64-mingw32/bin/make --no-print-directory -C ../gpio_bsp/
[BSP build complete]
Info: Compiling hello_world.c to obj/default/hello_world.o
nios2-elf-gcc -xc -MP -MMD -c -I../gpio_bsp//HAL/inc -I../gpio_bsp/ -I../gpio_bsp//drivers/inc  -pipe -D__hal__ -DALT_NO_C_PLUS_PLUS -DALT_NO_INSTRUCTION_EMULATION -DSMALL_C_LIB -DALT_SINGLE_THREADED    -O0 -g -Wall   -mno-hw-div -mno-hw-mul -mno-hw-mulx -mgpopt=global  -o obj/default/hello_world.o hello_world.c
Info: Linking gpio.elf
nios2-elf-g++  -T'../gpio_bsp//linker.x' -msys-crt0='../gpio_bsp//obj/HAL/src/crt0.o' -msys-lib=hal_bsp -L../gpio_bsp/  -msmallc  -Wl,-Map=gpio.map   -O0 -g -Wall   -mno-hw-div -mno-hw-mul -mno-hw-mulx -mgpopt=global  -o gpio.elf obj/default/hello_world.o -lm -msys-lib=m
nios2-elf-insert gpio.elf --thread_model hal --cpu_name nios2 --qsys true --simulation_enabled false --id 0 --sidp 0x11050 --timestamp 1642365129 --stderr_dev jtag_uart --stdin_dev jtag_uart --stdout_dev jtag_uart --sopc_system_name unsaved --quartus_project_dir "E:/Project/Modulo3_FPGA/Clase4/GPIO_Nios" --jdi ../..//output_files/GPIO_Nios.jdi --sopcinfo E:/Project/Modulo3_FPGA/Clase4/GPIO_Nios/software/gpio_bsp/../../unsaved.sopcinfo
Info: (gpio.elf) 14 KBytes program size (code + initialized data).
Info:            10 KBytes free for stack + heap.
Info: Creating gpio.objdump
nios2-elf-objdump --disassemble --syms --all-header --source gpio.elf >gpio.objdump
[gpio build complete]
17:07:25 **** Incremental Build of configuration Nios II for project gpio ****
make all 
Info: Building ../gpio_bsp/
E:/QUARTUSPRIME/nios2eds/bin/gnu/H-x86_64-mingw32/bin/make --no-print-directory -C ../gpio_bsp/
[BSP build complete]
Info: Compiling hello_world.c to obj/default/hello_world.o
nios2-elf-gcc -xc -MP -MMD -c -I../gpio_bsp//HAL/inc -I../gpio_bsp/ -I../gpio_bsp//drivers/inc  -pipe -D__hal__ -DALT_NO_C_PLUS_PLUS -DALT_NO_INSTRUCTION_EMULATION -DSMALL_C_LIB -DALT_SINGLE_THREADED    -O0 -g -Wall   -mno-hw-div -mno-hw-mul -mno-hw-mulx -mgpopt=global  -o obj/default/hello_world.o hello_world.c
Info: Linking gpio.elf
nios2-elf-g++  -T'../gpio_bsp//linker.x' -msys-crt0='../gpio_bsp//obj/HAL/src/crt0.o' -msys-lib=hal_bsp -L../gpio_bsp/  -msmallc  -Wl,-Map=gpio.map   -O0 -g -Wall   -mno-hw-div -mno-hw-mul -mno-hw-mulx -mgpopt=global  -o gpio.elf obj/default/hello_world.o -lm -msys-lib=m
nios2-elf-insert gpio.elf --thread_model hal --cpu_name nios2 --qsys true --simulation_enabled false --id 0 --sidp 0x11050 --timestamp 1642365129 --stderr_dev jtag_uart --stdin_dev jtag_uart --stdout_dev jtag_uart --sopc_system_name unsaved --quartus_project_dir "E:/Project/Modulo3_FPGA/Clase4/GPIO_Nios" --jdi ../..//output_files/GPIO_Nios.jdi --sopcinfo E:/Project/Modulo3_FPGA/Clase4/GPIO_Nios/software/gpio_bsp/../../unsaved.sopcinfo
Info: (gpio.elf) 14 KBytes program size (code + initialized data).
Info:            10 KBytes free for stack + heap.
Info: Creating gpio.objdump
nios2-elf-objdump --disassemble --syms --all-header --source gpio.elf >gpio.objdump
[gpio build complete]
